<?xml version="1.0" encoding="UTF-8"?>
<!-- Generated by org.testng.reporters.JUnitReportReporter -->
<testsuite skipped="0" hostname="Sachin" name="signIn.TC_01_SignIn_ValidUserLogin" tests="1" failures="0" timestamp="11 Aug 2017 08:59:45 GMT" time="7.695" errors="0">
  <testcase name="verifyHomePage" time="7.695" classname="signIn.TC_01_SignIn_ValidUserLogin"/>
</testsuite> <!-- signIn.TC_01_SignIn_ValidUserLogin -->
