<?xml version="1.0" encoding="UTF-8"?>
<!-- Generated by org.testng.reporters.JUnitReportReporter -->
<testsuite skipped="0" hostname="Sachin" name="signIn.TC_02_SignIn_InValidUserLogin" tests="1" failures="0" timestamp="11 Aug 2017 08:59:45 GMT" time="6.408" errors="0">
  <testcase name="verifyHomePage" time="6.408" classname="signIn.TC_02_SignIn_InValidUserLogin"/>
</testsuite> <!-- signIn.TC_02_SignIn_InValidUserLogin -->
